{"balance":20,"cardCode":"100","cardNumber":"116459327","activated":false,"status":"New Card"}
New Card: 116459327[100] Balance: 20.0
Status: 200 
{"balance":20,"cardCode":"100","cardNumber":"116459327","activated":true,"status":"New Card"}
============================================
--------- D E V I C E  S T A T E  ----------
============================================
Pin Option    = 4
Stored Pin    = 1234
Authenticated = false
Orientation   = PORTRAIT
API URL       = http://34.27.220.242:80/api
API KEY       = 2H3fONTa8ugl1IcVS7CjLPnPIS2Hp9dJ
API Register  = 5012349
============================================
Screen: starbucks.Passcode
Screen: starbucks.Spacer
Screen: starbucks.KeyPad
Value: [Ljava.lang.String;@53ce1329
KeyPad Touched at (1, 5)
Key: 1
Key: 1 Count: 1
Current State: starbucks.OnePinDigit
D1 = 1
D2 = 
D3 = 
D4 = 
Screen: starbucks.Passcode
Screen: starbucks.Spacer
Screen: starbucks.KeyPad
Value: [Ljava.lang.String;@316bcf94
KeyPad Touched at (2, 5)
Key: 2
Key: 2 Count: 2
Current State: starbucks.TwoPinDigits
D1 = 1
D2 = 2
D3 = 
D4 = 
Screen: starbucks.Passcode
Screen: starbucks.Spacer
Screen: starbucks.KeyPad
Value: [Ljava.lang.String;@6404f418
KeyPad Touched at (3, 5)
Key: 3
Key: 3 Count: 3
Current State: starbucks.ThreePinDigits
D1 = 1
D2 = 2
D3 = 3
D4 = 
Screen: starbucks.Passcode
Screen: starbucks.Spacer
Screen: starbucks.KeyPad
Value: [Ljava.lang.String;@3e11f9e9
KeyPad Touched at (1, 6)
Key: 4
Key: 4 Count: 4
Current State: starbucks.FourPinDigits
D1 = 1
D2 = 2
D3 = 3
D4 = 4
Authenticating...
Successful Login!
l: 10
w: 15
h: 15
DEBUG: $20.00

cnt1: 1
pad1: 4
....
DEBUG: [Ljava.lang.String;@4b8ee4de 1
line (before): $20.00 [len = 6]
line (after):      $20.00 [pad = 5]
cnt2: 5
pad2: 5
.....


0: ===============
1:    MyCards
2: ===============
3: 
4: 
5: 
6: 
7:      $20.00
8: 
9: 
10: 
11: 
12: 
13: 
14: ===============
15: [A][B][C][D][E]
l: 10
w: 15
h: 15
DEBUG: $20.00

cnt1: 1
pad1: 4
....
DEBUG: [Ljava.lang.String;@1b11171f 1
line (before): $20.00 [len = 6]
line (after):      $20.00 [pad = 5]
cnt2: 5
pad2: 5
.....


0: ===============
1:    MyCards
2: ===============
3: 
4: 
5: 
6: 
7:      $20.00
8: 
9: 
10: 
11: 
12: 
13: 
14: ===============
15: [A][B][C][D][E]
Value: [Ljava.lang.String;@1151e434
l: 10
w: 15
h: 15
DEBUG: [116459327]


Scan Now

cnt1: 4
pad1: 3
...
DEBUG: [Ljava.lang.String;@d9345cd 4
line (before): [116459327] [len = 11]
line (after):   [116459327] [pad = 2]
line (before):  [len = 0]
line (after):          [pad = 8]
line (before):  [len = 0]
line (after):          [pad = 8]
line (before): Scan Now [len = 8]
line (after):     Scan Now [pad = 4]
cnt2: 7
pad2: 3
...


0: ===============
1:   MyCardsPay
2: ===============
3: 
4: 
5: 
6:   [116459327]
7:         
8:         
9:     Scan Now
10: 
11: 
12: 
13: 
14: ===============
15: [A][B][C][D][E]
Value: [Ljava.lang.String;@2d710f1a
{"balance":15.76,"cardCode":"100","cardNumber":"116459327","activated":true,"status":"New Card"}
l: 10
w: 15
h: 15
DEBUG: [116459327]


Scan Now

cnt1: 4
pad1: 3
...
DEBUG: [Ljava.lang.String;@59505b48 4
line (before): [116459327] [len = 11]
line (after):   [116459327] [pad = 2]
line (before):  [len = 0]
line (after):          [pad = 8]
line (before):  [len = 0]
line (after):          [pad = 8]
line (before): Scan Now [len = 8]
line (after):     Scan Now [pad = 4]
cnt2: 7
pad2: 3
...


0: ===============
1:   MyCardsPay
2: ===============
3: 
4: 
5: 
6:   [116459327]
7:         
8:         
9:     Scan Now
10: 
11: 
12: 
13: 
14: ===============
15: [A][B][C][D][E]
Exception in thread "main" java.lang.NullPointerException
	at starbucks.Main.main(Main.java:38)
